<?xml version="1.0" encoding="UTF-8"?>
<testng-results skipped="0" failed="0" ignored="0" total="1" passed="1">
  <reporter-output>
  </reporter-output>
  <suite name="Default suite" duration-ms="15199" started-at="2019-02-15T17:19:07Z" finished-at="2019-02-15T17:19:22Z">
    <groups>
    </groups>
    <test name="Default test" duration-ms="15199" started-at="2019-02-15T17:19:07Z" finished-at="2019-02-15T17:19:22Z">
      <class name="com.demoaut.newtours.tests.RegistrationTest">
        <test-method status="PASS" signature="setup()[pri:0, instance:com.demoaut.newtours.tests.RegistrationTest@4b9e13df]" name="setup" is-config="true" duration-ms="8252" started-at="2019-02-15T17:19:07Z" finished-at="2019-02-15T17:19:15Z">
          <reporter-output>
          </reporter-output>
        </test-method> <!-- setup -->
        <test-method status="PASS" signature="Registration()[pri:0, instance:com.demoaut.newtours.tests.RegistrationTest@4b9e13df]" name="Registration" duration-ms="6883" started-at="2019-02-15T17:19:15Z" finished-at="2019-02-15T17:19:22Z">
          <reporter-output>
          </reporter-output>
        </test-method> <!-- Registration -->
        <test-method status="PASS" signature="tearDown()[pri:0, instance:com.demoaut.newtours.tests.RegistrationTest@4b9e13df]" name="tearDown" is-config="true" duration-ms="45" started-at="2019-02-15T17:19:22Z" finished-at="2019-02-15T17:19:22Z">
          <reporter-output>
          </reporter-output>
        </test-method> <!-- tearDown -->
      </class> <!-- com.demoaut.newtours.tests.RegistrationTest -->
    </test> <!-- Default test -->
  </suite> <!-- Default suite -->
</testng-results>
